<?xml version="1.0" encoding="UTF-8"?>
<coverage generated="1567416604382" clover="3.2.0">
  <project timestamp="1567416604382" name="All files">
    <metrics statements="25" coveredstatements="22" conditionals="26" coveredconditionals="21" methods="6" coveredmethods="6" elements="57" coveredelements="49" complexity="0" loc="25" ncloc="25" packages="1" files="1" classes="1"/>
    <file name="match.ts" path="/Users/qidanta/Documents/webprojects/webpack-eliminate-loader/src/utils/match.ts">
      <metrics statements="25" coveredstatements="22" conditionals="26" coveredconditionals="21" methods="6" coveredmethods="6"/>
      <line num="1" count="1" type="stmt"/>
      <line num="4" count="1" type="stmt"/>
      <line num="5" count="6" type="cond" truecount="3" falsecount="1"/>
      <line num="6" count="0" type="stmt"/>
      <line num="8" count="6" type="stmt"/>
      <line num="9" count="6" type="cond" truecount="1" falsecount="1"/>
      <line num="11" count="0" type="stmt"/>
      <line num="20" count="4" type="cond" truecount="1" falsecount="1"/>
      <line num="21" count="4" type="cond" truecount="4" falsecount="0"/>
      <line num="22" count="1" type="stmt"/>
      <line num="24" count="3" type="stmt"/>
      <line num="25" count="3" type="stmt"/>
      <line num="34" count="4" type="cond" truecount="1" falsecount="1"/>
      <line num="35" count="4" type="cond" truecount="4" falsecount="0"/>
      <line num="36" count="1" type="stmt"/>
      <line num="38" count="3" type="stmt"/>
      <line num="39" count="3" type="stmt"/>
      <line num="43" count="1" type="stmt"/>
      <line num="44" count="3" type="cond" truecount="4" falsecount="0"/>
      <line num="45" count="1" type="stmt"/>
      <line num="47" count="2" type="cond" truecount="2" falsecount="0"/>
      <line num="48" count="1" type="stmt"/>
      <line num="50" count="1" type="cond" truecount="1" falsecount="1"/>
      <line num="51" count="1" type="stmt"/>
      <line num="53" count="0" type="stmt"/>
    </file>
  </project>
</coverage>
