{"/Users/qidanta/Documents/webprojects/webpack-eliminate-loader/src/presets/factory.ts": {"path":"/Users/qidanta/Documents/webprojects/webpack-eliminate-loader/src/presets/factory.ts","statementMap":{"0":{"start":{"line":2,"column":0},"end":{"line":2,"column":43}},"1":{"start":{"line":3,"column":0},"end":{"line":3,"column":37}},"2":{"start":{"line":5,"column":13},"end":{"line":28,"column":null}},"3":{"start":{"line":7,"column":4},"end":{"line":26,"column":null}},"4":{"start":{"line":10,"column":8},"end":{"line":10,"column":null}},"5":{"start":{"line":13,"column":8},"end":{"line":16,"column":null}},"6":{"start":{"line":14,"column":10},"end":{"line":14,"column":null}},"7":{"start":{"line":15,"column":10},"end":{"line":15,"column":null}},"8":{"start":{"line":17,"column":8},"end":{"line":17,"column":null}},"9":{"start":{"line":20,"column":8},"end":{"line":23,"column":null}},"10":{"start":{"line":21,"column":10},"end":{"line":21,"column":null}},"11":{"start":{"line":22,"column":10},"end":{"line":22,"column":null}},"12":{"start":{"line":24,"column":8},"end":{"line":24,"column":null}}},"fnMap":{"0":{"name":"(anonymous_0)","decl":{"start":{"line":6,"column":2},"end":{"line":6,"column":8}},"loc":{"start":{"line":6,"column":23},"end":{"line":27,"column":3}}},"1":{"name":"(anonymous_1)","decl":{"start":{"line":9,"column":14},"end":{"line":9,"column":null}},"loc":{"start":{"line":9,"column":14},"end":{"line":11,"column":7}}},"2":{"name":"(anonymous_2)","decl":{"start":{"line":12,"column":15},"end":{"line":12,"column":16}},"loc":{"start":{"line":12,"column":54},"end":{"line":18,"column":7}}},"3":{"name":"(anonymous_3)","decl":{"start":{"line":19,"column":16},"end":{"line":19,"column":22}},"loc":{"start":{"line":19,"column":22},"end":{"line":25,"column":7}}}},"branchMap":{"0":{"loc":{"start":{"line":10,"column":8},"end":{"line":10,"column":21}},"type":"binary-expr","locations":[{"start":{"line":10,"column":8},"end":{"line":10,"column":21}},{"start":{"line":10,"column":25},"end":{"line":10,"column":40}}]},"1":{"loc":{"start":{"line":13,"column":8},"end":{"line":16,"column":null}},"type":"if","locations":[{"start":{"line":13,"column":8},"end":{"line":16,"column":null}},{"start":{"line":13,"column":8},"end":{"line":16,"column":null}}]},"2":{"loc":{"start":{"line":20,"column":8},"end":{"line":23,"column":null}},"type":"if","locations":[{"start":{"line":20,"column":8},"end":{"line":23,"column":null}},{"start":{"line":20,"column":8},"end":{"line":23,"column":null}}]}},"s":{"0":1,"1":1,"2":1,"3":3,"4":0,"5":2,"6":1,"7":1,"8":1,"9":0,"10":0,"11":0,"12":0},"f":{"0":3,"1":0,"2":2,"3":0},"b":{"0":[0,0],"1":[1,1],"2":[0,0]}}
,"/Users/qidanta/Documents/webprojects/webpack-eliminate-loader/src/presets/index.ts": {"path":"/Users/qidanta/Documents/webprojects/webpack-eliminate-loader/src/presets/index.ts","statementMap":{"0":{"start":{"line":1,"column":0},"end":{"line":1,"column":9}},"1":{"start":{"line":1,"column":9},"end":{"line":1,"column":41}},"2":{"start":{"line":2,"column":0},"end":{"line":2,"column":9}},"3":{"start":{"line":2,"column":9},"end":{"line":2,"column":42}},"4":{"start":{"line":3,"column":0},"end":{"line":3,"column":9}},"5":{"start":{"line":3,"column":9},"end":{"line":3,"column":38}},"6":{"start":{"line":4,"column":0},"end":{"line":4,"column":9}},"7":{"start":{"line":4,"column":9},"end":{"line":4,"column":42}}},"fnMap":{},"branchMap":{},"s":{"0":1,"1":1,"2":1,"3":1,"4":1,"5":1,"6":1,"7":1},"f":{},"b":{}}
,"/Users/qidanta/Documents/webprojects/webpack-eliminate-loader/src/presets/react-route.ts": {"path":"/Users/qidanta/Documents/webprojects/webpack-eliminate-loader/src/presets/react-route.ts","statementMap":{"0":{"start":{"line":1,"column":0},"end":{"line":1,"column":41}},"1":{"start":{"line":4,"column":10},"end":{"line":4,"column":12}},"2":{"start":{"line":6,"column":13},"end":{"line":17,"column":null}},"3":{"start":{"line":9,"column":4},"end":{"line":11,"column":null}},"4":{"start":{"line":10,"column":6},"end":{"line":10,"column":12}},"5":{"start":{"line":12,"column":4},"end":{"line":12,"column":null}},"6":{"start":{"line":15,"column":4},"end":{"line":15,"column":null}}},"fnMap":{"0":{"name":"(anonymous_0)","decl":{"start":{"line":8,"column":8},"end":{"line":8,"column":null}},"loc":{"start":{"line":8,"column":8},"end":{"line":13,"column":3}}},"1":{"name":"(anonymous_1)","decl":{"start":{"line":14,"column":10},"end":{"line":14,"column":11}},"loc":{"start":{"line":14,"column":17},"end":{"line":16,"column":3}}}},"branchMap":{"0":{"loc":{"start":{"line":9,"column":4},"end":{"line":11,"column":null}},"type":"if","locations":[{"start":{"line":9,"column":4},"end":{"line":11,"column":null}},{"start":{"line":9,"column":4},"end":{"line":11,"column":null}}]},"1":{"loc":{"start":{"line":15,"column":11},"end":{"line":15,"column":14}},"type":"binary-expr","locations":[{"start":{"line":15,"column":11},"end":{"line":15,"column":14}},{"start":{"line":15,"column":18},"end":{"line":15,"column":24}}]}},"s":{"0":1,"1":1,"2":1,"3":0,"4":0,"5":0,"6":0},"f":{"0":0,"1":0},"b":{"0":[0,0],"1":[0,0]}}
,"/Users/qidanta/Documents/webprojects/webpack-eliminate-loader/src/presets/umi-rematch.ts": {"path":"/Users/qidanta/Documents/webprojects/webpack-eliminate-loader/src/presets/umi-rematch.ts","statementMap":{"0":{"start":{"line":1,"column":0},"end":{"line":1,"column":33}},"1":{"start":{"line":3,"column":0},"end":{"line":3,"column":41}},"2":{"start":{"line":5,"column":0},"end":{"line":5,"column":37}},"3":{"start":{"line":7,"column":10},"end":{"line":7,"column":12}},"4":{"start":{"line":8,"column":24},"end":{"line":8,"column":56}},"5":{"start":{"line":10,"column":23},"end":{"line":12,"column":1}},"6":{"start":{"line":11,"column":2},"end":{"line":11,"column":null}},"7":{"start":{"line":14,"column":13},"end":{"line":34,"column":null}},"8":{"start":{"line":17,"column":4},"end":{"line":19,"column":null}},"9":{"start":{"line":18,"column":6},"end":{"line":18,"column":12}},"10":{"start":{"line":20,"column":4},"end":{"line":20,"column":null}},"11":{"start":{"line":23,"column":4},"end":{"line":25,"column":null}},"12":{"start":{"line":24,"column":6},"end":{"line":24,"column":null}},"13":{"start":{"line":26,"column":4},"end":{"line":29,"column":null}},"14":{"start":{"line":32,"column":4},"end":{"line":32,"column":null}}},"fnMap":{"0":{"name":"(anonymous_0)","decl":{"start":{"line":10,"column":23},"end":{"line":10,"column":24}},"loc":{"start":{"line":10,"column":44},"end":{"line":12,"column":1}}},"1":{"name":"(anonymous_1)","decl":{"start":{"line":16,"column":8},"end":{"line":16,"column":null}},"loc":{"start":{"line":16,"column":8},"end":{"line":21,"column":3}}},"2":{"name":"(anonymous_2)","decl":{"start":{"line":22,"column":11},"end":{"line":22,"column":12}},"loc":{"start":{"line":22,"column":33},"end":{"line":30,"column":3}}},"3":{"name":"(anonymous_3)","decl":{"start":{"line":31,"column":10},"end":{"line":31,"column":11}},"loc":{"start":{"line":31,"column":17},"end":{"line":33,"column":3}}}},"branchMap":{"0":{"loc":{"start":{"line":17,"column":4},"end":{"line":19,"column":null}},"type":"if","locations":[{"start":{"line":17,"column":4},"end":{"line":19,"column":null}},{"start":{"line":17,"column":4},"end":{"line":19,"column":null}}]},"1":{"loc":{"start":{"line":23,"column":4},"end":{"line":25,"column":null}},"type":"if","locations":[{"start":{"line":23,"column":4},"end":{"line":25,"column":null}},{"start":{"line":23,"column":4},"end":{"line":25,"column":null}}]},"2":{"loc":{"start":{"line":28,"column":16},"end":{"line":28,"column":31}},"type":"binary-expr","locations":[{"start":{"line":28,"column":16},"end":{"line":28,"column":31}},{"start":{"line":28,"column":35},"end":{"line":28,"column":37}}]},"3":{"loc":{"start":{"line":32,"column":11},"end":{"line":32,"column":14}},"type":"binary-expr","locations":[{"start":{"line":32,"column":11},"end":{"line":32,"column":14}},{"start":{"line":32,"column":18},"end":{"line":32,"column":24}}]}},"s":{"0":1,"1":1,"2":1,"3":1,"4":1,"5":1,"6":1,"7":1,"8":0,"9":0,"10":0,"11":1,"12":1,"13":0,"14":0},"f":{"0":1,"1":0,"2":1,"3":0},"b":{"0":[0,0],"1":[1,0],"2":[0,0],"3":[0,0]}}
,"/Users/qidanta/Documents/webprojects/webpack-eliminate-loader/src/presets/umi-route.ts": {"path":"/Users/qidanta/Documents/webprojects/webpack-eliminate-loader/src/presets/umi-route.ts","statementMap":{"0":{"start":{"line":1,"column":0},"end":{"line":1,"column":41}},"1":{"start":{"line":3,"column":0},"end":{"line":3,"column":37}},"2":{"start":{"line":5,"column":10},"end":{"line":5,"column":12}},"3":{"start":{"line":6,"column":24},"end":{"line":18,"column":null}},"4":{"start":{"line":20,"column":13},"end":{"line":37,"column":null}},"5":{"start":{"line":23,"column":4},"end":{"line":25,"column":null}},"6":{"start":{"line":24,"column":6},"end":{"line":24,"column":12}},"7":{"start":{"line":26,"column":4},"end":{"line":26,"column":null}},"8":{"start":{"line":29,"column":4},"end":{"line":32,"column":null}},"9":{"start":{"line":35,"column":4},"end":{"line":35,"column":null}}},"fnMap":{"0":{"name":"(anonymous_0)","decl":{"start":{"line":22,"column":8},"end":{"line":22,"column":null}},"loc":{"start":{"line":22,"column":8},"end":{"line":27,"column":3}}},"1":{"name":"(anonymous_1)","decl":{"start":{"line":28,"column":11},"end":{"line":28,"column":12}},"loc":{"start":{"line":28,"column":33},"end":{"line":33,"column":3}}},"2":{"name":"(anonymous_2)","decl":{"start":{"line":34,"column":10},"end":{"line":34,"column":11}},"loc":{"start":{"line":34,"column":17},"end":{"line":36,"column":3}}}},"branchMap":{"0":{"loc":{"start":{"line":23,"column":4},"end":{"line":25,"column":null}},"type":"if","locations":[{"start":{"line":23,"column":4},"end":{"line":25,"column":null}},{"start":{"line":23,"column":4},"end":{"line":25,"column":null}}]},"1":{"loc":{"start":{"line":31,"column":16},"end":{"line":31,"column":31}},"type":"binary-expr","locations":[{"start":{"line":31,"column":16},"end":{"line":31,"column":31}},{"start":{"line":31,"column":35},"end":{"line":31,"column":37}}]},"2":{"loc":{"start":{"line":35,"column":11},"end":{"line":35,"column":14}},"type":"binary-expr","locations":[{"start":{"line":35,"column":11},"end":{"line":35,"column":14}},{"start":{"line":35,"column":18},"end":{"line":35,"column":24}}]}},"s":{"0":1,"1":1,"2":1,"3":1,"4":1,"5":0,"6":0,"7":0,"8":0,"9":0},"f":{"0":0,"1":0,"2":0},"b":{"0":[0,0],"1":[0,0],"2":[0,0]}}
,"/Users/qidanta/Documents/webprojects/webpack-eliminate-loader/src/utils/loadTpl.ts": {"path":"/Users/qidanta/Documents/webprojects/webpack-eliminate-loader/src/utils/loadTpl.ts","statementMap":{"0":{"start":{"line":1,"column":0},"end":{"line":1,"column":23}},"1":{"start":{"line":2,"column":0},"end":{"line":2,"column":19}},"2":{"start":{"line":6,"column":22},"end":{"line":6,"column":62}},"3":{"start":{"line":7,"column":13},"end":{"line":9,"column":null}},"4":{"start":{"line":11,"column":13},"end":{"line":22,"column":null}},"5":{"start":{"line":12,"column":2},"end":{"line":14,"column":null}},"6":{"start":{"line":13,"column":4},"end":{"line":13,"column":null}},"7":{"start":{"line":15,"column":2},"end":{"line":21,"column":null}},"8":{"start":{"line":16,"column":22},"end":{"line":16,"column":95}},"9":{"start":{"line":17,"column":4},"end":{"line":17,"column":null}},"10":{"start":{"line":18,"column":4},"end":{"line":18,"column":null}},"11":{"start":{"line":20,"column":4},"end":{"line":20,"column":null}}},"fnMap":{"0":{"name":"(anonymous_0)","decl":{"start":{"line":11,"column":23},"end":{"line":11,"column":24}},"loc":{"start":{"line":11,"column":49},"end":{"line":22,"column":1}}}},"branchMap":{"0":{"loc":{"start":{"line":12,"column":2},"end":{"line":14,"column":null}},"type":"if","locations":[{"start":{"line":12,"column":2},"end":{"line":14,"column":null}},{"start":{"line":12,"column":2},"end":{"line":14,"column":null}}]},"1":{"loc":{"start":{"line":13,"column":11},"end":{"line":13,"column":26}},"type":"binary-expr","locations":[{"start":{"line":13,"column":11},"end":{"line":13,"column":26}},{"start":{"line":13,"column":30},"end":{"line":13,"column":32}}]}},"s":{"0":1,"1":1,"2":1,"3":1,"4":1,"5":0,"6":0,"7":0,"8":0,"9":0,"10":0,"11":0},"f":{"0":0},"b":{"0":[0,0],"1":[0,0]}}
,"/Users/qidanta/Documents/webprojects/webpack-eliminate-loader/src/utils/match.ts": {"path":"/Users/qidanta/Documents/webprojects/webpack-eliminate-loader/src/utils/match.ts","statementMap":{"0":{"start":{"line":1,"column":0},"end":{"line":1,"column":33}},"1":{"start":{"line":4,"column":18},"end":{"line":13,"column":1}},"2":{"start":{"line":5,"column":2},"end":{"line":7,"column":null}},"3":{"start":{"line":6,"column":4},"end":{"line":6,"column":null}},"4":{"start":{"line":8,"column":2},"end":{"line":12,"column":null}},"5":{"start":{"line":9,"column":4},"end":{"line":9,"column":null}},"6":{"start":{"line":11,"column":4},"end":{"line":11,"column":null}},"7":{"start":{"line":20,"column":13},"end":{"line":27,"column":null}},"8":{"start":{"line":20,"column":51},"end":{"line":20,"column":null}},"9":{"start":{"line":21,"column":2},"end":{"line":23,"column":null}},"10":{"start":{"line":22,"column":4},"end":{"line":22,"column":null}},"11":{"start":{"line":24,"column":2},"end":{"line":26,"column":null}},"12":{"start":{"line":25,"column":4},"end":{"line":25,"column":null}},"13":{"start":{"line":34,"column":13},"end":{"line":41,"column":null}},"14":{"start":{"line":34,"column":51},"end":{"line":34,"column":null}},"15":{"start":{"line":35,"column":2},"end":{"line":37,"column":null}},"16":{"start":{"line":36,"column":4},"end":{"line":36,"column":null}},"17":{"start":{"line":38,"column":2},"end":{"line":40,"column":null}},"18":{"start":{"line":39,"column":4},"end":{"line":39,"column":null}},"19":{"start":{"line":43,"column":13},"end":{"line":54,"column":null}},"20":{"start":{"line":44,"column":2},"end":{"line":46,"column":null}},"21":{"start":{"line":45,"column":4},"end":{"line":45,"column":null}},"22":{"start":{"line":47,"column":2},"end":{"line":49,"column":null}},"23":{"start":{"line":48,"column":4},"end":{"line":48,"column":null}},"24":{"start":{"line":50,"column":2},"end":{"line":52,"column":null}},"25":{"start":{"line":51,"column":4},"end":{"line":51,"column":null}},"26":{"start":{"line":53,"column":2},"end":{"line":53,"column":null}}},"fnMap":{"0":{"name":"(anonymous_0)","decl":{"start":{"line":4,"column":18},"end":{"line":4,"column":19}},"loc":{"start":{"line":4,"column":58},"end":{"line":13,"column":1}}},"1":{"name":"(anonymous_1)","decl":{"start":{"line":20,"column":27},"end":{"line":20,"column":28}},"loc":{"start":{"line":20,"column":83},"end":{"line":27,"column":1}}},"2":{"name":"(anonymous_2)","decl":{"start":{"line":24,"column":22},"end":{"line":24,"column":23}},"loc":{"start":{"line":24,"column":23},"end":{"line":26,"column":3}}},"3":{"name":"(anonymous_3)","decl":{"start":{"line":34,"column":27},"end":{"line":34,"column":28}},"loc":{"start":{"line":34,"column":83},"end":{"line":41,"column":1}}},"4":{"name":"(anonymous_4)","decl":{"start":{"line":38,"column":22},"end":{"line":38,"column":23}},"loc":{"start":{"line":38,"column":23},"end":{"line":40,"column":3}}},"5":{"name":"(anonymous_5)","decl":{"start":{"line":43,"column":21},"end":{"line":43,"column":22}},"loc":{"start":{"line":43,"column":62},"end":{"line":54,"column":1}}}},"branchMap":{"0":{"loc":{"start":{"line":5,"column":2},"end":{"line":7,"column":null}},"type":"if","locations":[{"start":{"line":5,"column":2},"end":{"line":7,"column":null}},{"start":{"line":5,"column":2},"end":{"line":7,"column":null}}]},"1":{"loc":{"start":{"line":5,"column":6},"end":{"line":5,"column":19}},"type":"binary-expr","locations":[{"start":{"line":5,"column":6},"end":{"line":5,"column":19}},{"start":{"line":5,"column":23},"end":{"line":5,"column":31}}]},"2":{"loc":{"start":{"line":9,"column":11},"end":{"line":9,"column":58}},"type":"binary-expr","locations":[{"start":{"line":9,"column":11},"end":{"line":9,"column":58}},{"start":{"line":9,"column":62},"end":{"line":9,"column":91}}]},"3":{"loc":{"start":{"line":20,"column":51},"end":{"line":20,"column":null}},"type":"if","locations":[{"start":{"line":20,"column":51},"end":{"line":20,"column":null}},{"start":{"line":20,"column":51},"end":{"line":20,"column":null}}]},"4":{"loc":{"start":{"line":21,"column":2},"end":{"line":23,"column":null}},"type":"if","locations":[{"start":{"line":21,"column":2},"end":{"line":23,"column":null}},{"start":{"line":21,"column":2},"end":{"line":23,"column":null}}]},"5":{"loc":{"start":{"line":21,"column":6},"end":{"line":21,"column":19}},"type":"binary-expr","locations":[{"start":{"line":21,"column":6},"end":{"line":21,"column":19}},{"start":{"line":21,"column":23},"end":{"line":21,"column":31}}]},"6":{"loc":{"start":{"line":34,"column":51},"end":{"line":34,"column":null}},"type":"if","locations":[{"start":{"line":34,"column":51},"end":{"line":34,"column":null}},{"start":{"line":34,"column":51},"end":{"line":34,"column":null}}]},"7":{"loc":{"start":{"line":35,"column":2},"end":{"line":37,"column":null}},"type":"if","locations":[{"start":{"line":35,"column":2},"end":{"line":37,"column":null}},{"start":{"line":35,"column":2},"end":{"line":37,"column":null}}]},"8":{"loc":{"start":{"line":35,"column":6},"end":{"line":35,"column":19}},"type":"binary-expr","locations":[{"start":{"line":35,"column":6},"end":{"line":35,"column":19}},{"start":{"line":35,"column":23},"end":{"line":35,"column":31}}]},"9":{"loc":{"start":{"line":44,"column":2},"end":{"line":46,"column":null}},"type":"if","locations":[{"start":{"line":44,"column":2},"end":{"line":46,"column":null}},{"start":{"line":44,"column":2},"end":{"line":46,"column":null}}]},"10":{"loc":{"start":{"line":44,"column":6},"end":{"line":44,"column":14}},"type":"binary-expr","locations":[{"start":{"line":44,"column":6},"end":{"line":44,"column":14}},{"start":{"line":44,"column":18},"end":{"line":44,"column":31}}]},"11":{"loc":{"start":{"line":47,"column":2},"end":{"line":49,"column":null}},"type":"if","locations":[{"start":{"line":47,"column":2},"end":{"line":49,"column":null}},{"start":{"line":47,"column":2},"end":{"line":49,"column":null}}]},"12":{"loc":{"start":{"line":50,"column":2},"end":{"line":52,"column":null}},"type":"if","locations":[{"start":{"line":50,"column":2},"end":{"line":52,"column":null}},{"start":{"line":50,"column":2},"end":{"line":52,"column":null}}]}},"s":{"0":2,"1":2,"2":7,"3":0,"4":7,"5":7,"6":0,"7":2,"8":4,"9":4,"10":1,"11":3,"12":3,"13":2,"14":5,"15":5,"16":1,"17":4,"18":4,"19":2,"20":4,"21":1,"22":3,"23":1,"24":2,"25":2,"26":0},"f":{"0":7,"1":4,"2":3,"3":5,"4":4,"5":4},"b":{"0":[0,7],"1":[7,7],"2":[7,0],"3":[0,4],"4":[1,3],"5":[4,3],"6":[0,5],"7":[1,4],"8":[5,4],"9":[1,3],"10":[4,3],"11":[1,2],"12":[2,0]}}
,"/Users/qidanta/Documents/webprojects/webpack-eliminate-loader/src/utils/validate.ts": {"path":"/Users/qidanta/Documents/webprojects/webpack-eliminate-loader/src/utils/validate.ts","statementMap":{"0":{"start":{"line":9,"column":13},"end":{"line":19,"column":null}},"1":{"start":{"line":10,"column":2},"end":{"line":18,"column":null}},"2":{"start":{"line":11,"column":4},"end":{"line":17,"column":null}},"3":{"start":{"line":11,"column":29},"end":{"line":11,"column":40}},"4":{"start":{"line":11,"column":25},"end":{"line":11,"column":29}},"5":{"start":{"line":12,"column":24},"end":{"line":12,"column":37}},"6":{"start":{"line":13,"column":27},"end":{"line":13,"column":40}},"7":{"start":{"line":14,"column":6},"end":{"line":16,"column":null}},"8":{"start":{"line":15,"column":8},"end":{"line":15,"column":null}}},"fnMap":{"0":{"name":"(anonymous_0)","decl":{"start":{"line":9,"column":24},"end":{"line":9,"column":25}},"loc":{"start":{"line":9,"column":50},"end":{"line":19,"column":1}}}},"branchMap":{"0":{"loc":{"start":{"line":10,"column":2},"end":{"line":18,"column":null}},"type":"if","locations":[{"start":{"line":10,"column":2},"end":{"line":18,"column":null}},{"start":{"line":10,"column":2},"end":{"line":18,"column":null}}]},"1":{"loc":{"start":{"line":14,"column":6},"end":{"line":16,"column":null}},"type":"if","locations":[{"start":{"line":14,"column":6},"end":{"line":16,"column":null}},{"start":{"line":14,"column":6},"end":{"line":16,"column":null}}]}},"s":{"0":1,"1":1,"2":1,"3":2,"4":1,"5":1,"6":1,"7":1,"8":0},"f":{"0":1},"b":{"0":[1,0],"1":[0,1]}}
}
