{"/Users/qidanta/Documents/webprojects/webpack-eliminate-loader/src/utils/match.ts": {"path":"/Users/qidanta/Documents/webprojects/webpack-eliminate-loader/src/utils/match.ts","statementMap":{"0":{"start":{"line":1,"column":0},"end":{"line":1,"column":33}},"1":{"start":{"line":4,"column":18},"end":{"line":13,"column":1}},"2":{"start":{"line":5,"column":2},"end":{"line":7,"column":null}},"3":{"start":{"line":6,"column":4},"end":{"line":6,"column":null}},"4":{"start":{"line":8,"column":2},"end":{"line":12,"column":null}},"5":{"start":{"line":9,"column":4},"end":{"line":9,"column":null}},"6":{"start":{"line":11,"column":4},"end":{"line":11,"column":null}},"7":{"start":{"line":20,"column":13},"end":{"line":27,"column":null}},"8":{"start":{"line":20,"column":51},"end":{"line":20,"column":null}},"9":{"start":{"line":21,"column":2},"end":{"line":23,"column":null}},"10":{"start":{"line":22,"column":4},"end":{"line":22,"column":null}},"11":{"start":{"line":24,"column":2},"end":{"line":26,"column":null}},"12":{"start":{"line":25,"column":4},"end":{"line":25,"column":null}},"13":{"start":{"line":34,"column":13},"end":{"line":41,"column":null}},"14":{"start":{"line":34,"column":51},"end":{"line":34,"column":null}},"15":{"start":{"line":35,"column":2},"end":{"line":37,"column":null}},"16":{"start":{"line":36,"column":4},"end":{"line":36,"column":null}},"17":{"start":{"line":38,"column":2},"end":{"line":40,"column":null}},"18":{"start":{"line":39,"column":4},"end":{"line":39,"column":null}},"19":{"start":{"line":43,"column":13},"end":{"line":54,"column":null}},"20":{"start":{"line":44,"column":2},"end":{"line":46,"column":null}},"21":{"start":{"line":45,"column":4},"end":{"line":45,"column":null}},"22":{"start":{"line":47,"column":2},"end":{"line":49,"column":null}},"23":{"start":{"line":48,"column":4},"end":{"line":48,"column":null}},"24":{"start":{"line":50,"column":2},"end":{"line":52,"column":null}},"25":{"start":{"line":51,"column":4},"end":{"line":51,"column":null}},"26":{"start":{"line":53,"column":2},"end":{"line":53,"column":null}}},"fnMap":{"0":{"name":"(anonymous_0)","decl":{"start":{"line":4,"column":18},"end":{"line":4,"column":19}},"loc":{"start":{"line":4,"column":58},"end":{"line":13,"column":1}}},"1":{"name":"(anonymous_1)","decl":{"start":{"line":20,"column":27},"end":{"line":20,"column":28}},"loc":{"start":{"line":20,"column":83},"end":{"line":27,"column":1}}},"2":{"name":"(anonymous_2)","decl":{"start":{"line":24,"column":22},"end":{"line":24,"column":23}},"loc":{"start":{"line":24,"column":23},"end":{"line":26,"column":3}}},"3":{"name":"(anonymous_3)","decl":{"start":{"line":34,"column":27},"end":{"line":34,"column":28}},"loc":{"start":{"line":34,"column":83},"end":{"line":41,"column":1}}},"4":{"name":"(anonymous_4)","decl":{"start":{"line":38,"column":22},"end":{"line":38,"column":23}},"loc":{"start":{"line":38,"column":23},"end":{"line":40,"column":3}}},"5":{"name":"(anonymous_5)","decl":{"start":{"line":43,"column":21},"end":{"line":43,"column":22}},"loc":{"start":{"line":43,"column":62},"end":{"line":54,"column":1}}}},"branchMap":{"0":{"loc":{"start":{"line":5,"column":2},"end":{"line":7,"column":null}},"type":"if","locations":[{"start":{"line":5,"column":2},"end":{"line":7,"column":null}},{"start":{"line":5,"column":2},"end":{"line":7,"column":null}}]},"1":{"loc":{"start":{"line":5,"column":6},"end":{"line":5,"column":19}},"type":"binary-expr","locations":[{"start":{"line":5,"column":6},"end":{"line":5,"column":19}},{"start":{"line":5,"column":23},"end":{"line":5,"column":31}}]},"2":{"loc":{"start":{"line":9,"column":11},"end":{"line":9,"column":58}},"type":"binary-expr","locations":[{"start":{"line":9,"column":11},"end":{"line":9,"column":58}},{"start":{"line":9,"column":62},"end":{"line":9,"column":91}}]},"3":{"loc":{"start":{"line":20,"column":51},"end":{"line":20,"column":null}},"type":"if","locations":[{"start":{"line":20,"column":51},"end":{"line":20,"column":null}},{"start":{"line":20,"column":51},"end":{"line":20,"column":null}}]},"4":{"loc":{"start":{"line":21,"column":2},"end":{"line":23,"column":null}},"type":"if","locations":[{"start":{"line":21,"column":2},"end":{"line":23,"column":null}},{"start":{"line":21,"column":2},"end":{"line":23,"column":null}}]},"5":{"loc":{"start":{"line":21,"column":6},"end":{"line":21,"column":19}},"type":"binary-expr","locations":[{"start":{"line":21,"column":6},"end":{"line":21,"column":19}},{"start":{"line":21,"column":23},"end":{"line":21,"column":31}}]},"6":{"loc":{"start":{"line":34,"column":51},"end":{"line":34,"column":null}},"type":"if","locations":[{"start":{"line":34,"column":51},"end":{"line":34,"column":null}},{"start":{"line":34,"column":51},"end":{"line":34,"column":null}}]},"7":{"loc":{"start":{"line":35,"column":2},"end":{"line":37,"column":null}},"type":"if","locations":[{"start":{"line":35,"column":2},"end":{"line":37,"column":null}},{"start":{"line":35,"column":2},"end":{"line":37,"column":null}}]},"8":{"loc":{"start":{"line":35,"column":6},"end":{"line":35,"column":19}},"type":"binary-expr","locations":[{"start":{"line":35,"column":6},"end":{"line":35,"column":19}},{"start":{"line":35,"column":23},"end":{"line":35,"column":31}}]},"9":{"loc":{"start":{"line":44,"column":2},"end":{"line":46,"column":null}},"type":"if","locations":[{"start":{"line":44,"column":2},"end":{"line":46,"column":null}},{"start":{"line":44,"column":2},"end":{"line":46,"column":null}}]},"10":{"loc":{"start":{"line":44,"column":6},"end":{"line":44,"column":14}},"type":"binary-expr","locations":[{"start":{"line":44,"column":6},"end":{"line":44,"column":14}},{"start":{"line":44,"column":18},"end":{"line":44,"column":31}}]},"11":{"loc":{"start":{"line":47,"column":2},"end":{"line":49,"column":null}},"type":"if","locations":[{"start":{"line":47,"column":2},"end":{"line":49,"column":null}},{"start":{"line":47,"column":2},"end":{"line":49,"column":null}}]},"12":{"loc":{"start":{"line":50,"column":2},"end":{"line":52,"column":null}},"type":"if","locations":[{"start":{"line":50,"column":2},"end":{"line":52,"column":null}},{"start":{"line":50,"column":2},"end":{"line":52,"column":null}}]}},"s":{"0":1,"1":1,"2":6,"3":0,"4":6,"5":6,"6":0,"7":1,"8":4,"9":4,"10":1,"11":3,"12":3,"13":1,"14":4,"15":4,"16":1,"17":3,"18":3,"19":1,"20":3,"21":1,"22":2,"23":1,"24":1,"25":1,"26":0},"f":{"0":6,"1":4,"2":3,"3":4,"4":3,"5":3},"b":{"0":[0,6],"1":[6,6],"2":[6,0],"3":[0,4],"4":[1,3],"5":[4,3],"6":[0,4],"7":[1,3],"8":[4,3],"9":[1,2],"10":[3,2],"11":[1,1],"12":[1,0]}}
}
