TN:
SF:/Users/qidanta/Documents/webprojects/webpack-eliminate-loader/src/presets/factory.ts
FN:6,(anonymous_0)
FN:9,(anonymous_1)
FN:12,(anonymous_2)
FN:19,(anonymous_3)
FNF:4
FNH:2
FNDA:3,(anonymous_0)
FNDA:0,(anonymous_1)
FNDA:2,(anonymous_2)
FNDA:0,(anonymous_3)
DA:2,1
DA:3,1
DA:5,1
DA:7,3
DA:10,0
DA:13,2
DA:14,1
DA:15,1
DA:17,1
DA:20,0
DA:21,0
DA:22,0
DA:24,0
LF:13
LH:8
BRDA:10,0,0,0
BRDA:10,0,1,0
BRDA:13,1,0,1
BRDA:13,1,1,1
BRDA:20,2,0,0
BRDA:20,2,1,0
BRF:6
BRH:2
end_of_record
TN:
SF:/Users/qidanta/Documents/webprojects/webpack-eliminate-loader/src/presets/index.ts
FNF:0
FNH:0
DA:1,1
DA:2,1
DA:3,1
DA:4,1
LF:4
LH:4
BRF:0
BRH:0
end_of_record
TN:
SF:/Users/qidanta/Documents/webprojects/webpack-eliminate-loader/src/presets/react-route.ts
FN:8,(anonymous_0)
FN:14,(anonymous_1)
FNF:2
FNH:0
FNDA:0,(anonymous_0)
FNDA:0,(anonymous_1)
DA:1,1
DA:4,1
DA:6,1
DA:9,0
DA:10,0
DA:12,0
DA:15,0
LF:7
LH:3
BRDA:9,0,0,0
BRDA:9,0,1,0
BRDA:15,1,0,0
BRDA:15,1,1,0
BRF:4
BRH:0
end_of_record
TN:
SF:/Users/qidanta/Documents/webprojects/webpack-eliminate-loader/src/presets/umi-rematch.ts
FN:10,(anonymous_0)
FN:16,(anonymous_1)
FN:22,(anonymous_2)
FN:31,(anonymous_3)
FNF:4
FNH:2
FNDA:1,(anonymous_0)
FNDA:0,(anonymous_1)
FNDA:1,(anonymous_2)
FNDA:0,(anonymous_3)
DA:1,1
DA:3,1
DA:5,1
DA:7,1
DA:8,1
DA:10,1
DA:11,1
DA:14,1
DA:17,0
DA:18,0
DA:20,0
DA:23,1
DA:24,1
DA:26,0
DA:32,0
LF:15
LH:10
BRDA:17,0,0,0
BRDA:17,0,1,0
BRDA:23,1,0,1
BRDA:23,1,1,0
BRDA:28,2,0,0
BRDA:28,2,1,0
BRDA:32,3,0,0
BRDA:32,3,1,0
BRF:8
BRH:1
end_of_record
TN:
SF:/Users/qidanta/Documents/webprojects/webpack-eliminate-loader/src/presets/umi-route.ts
FN:22,(anonymous_0)
FN:28,(anonymous_1)
FN:34,(anonymous_2)
FNF:3
FNH:0
FNDA:0,(anonymous_0)
FNDA:0,(anonymous_1)
FNDA:0,(anonymous_2)
DA:1,1
DA:3,1
DA:5,1
DA:6,1
DA:20,1
DA:23,0
DA:24,0
DA:26,0
DA:29,0
DA:35,0
LF:10
LH:5
BRDA:23,0,0,0
BRDA:23,0,1,0
BRDA:31,1,0,0
BRDA:31,1,1,0
BRDA:35,2,0,0
BRDA:35,2,1,0
BRF:6
BRH:0
end_of_record
TN:
SF:/Users/qidanta/Documents/webprojects/webpack-eliminate-loader/src/utils/loadTpl.ts
FN:11,(anonymous_0)
FNF:1
FNH:0
FNDA:0,(anonymous_0)
DA:1,1
DA:2,1
DA:6,1
DA:7,1
DA:11,1
DA:12,0
DA:13,0
DA:15,0
DA:16,0
DA:17,0
DA:18,0
DA:20,0
LF:12
LH:5
BRDA:12,0,0,0
BRDA:12,0,1,0
BRDA:13,1,0,0
BRDA:13,1,1,0
BRF:4
BRH:0
end_of_record
TN:
SF:/Users/qidanta/Documents/webprojects/webpack-eliminate-loader/src/utils/match.ts
FN:4,(anonymous_0)
FN:20,(anonymous_1)
FN:24,(anonymous_2)
FN:34,(anonymous_3)
FN:38,(anonymous_4)
FN:43,(anonymous_5)
FNF:6
FNH:6
FNDA:7,(anonymous_0)
FNDA:4,(anonymous_1)
FNDA:3,(anonymous_2)
FNDA:5,(anonymous_3)
FNDA:4,(anonymous_4)
FNDA:4,(anonymous_5)
DA:1,2
DA:4,2
DA:5,7
DA:6,0
DA:8,7
DA:9,7
DA:11,0
DA:20,4
DA:21,4
DA:22,1
DA:24,3
DA:25,3
DA:34,5
DA:35,5
DA:36,1
DA:38,4
DA:39,4
DA:43,2
DA:44,4
DA:45,1
DA:47,3
DA:48,1
DA:50,2
DA:51,2
DA:53,0
LF:25
LH:22
BRDA:5,0,0,0
BRDA:5,0,1,7
BRDA:5,1,0,7
BRDA:5,1,1,7
BRDA:9,2,0,7
BRDA:9,2,1,0
BRDA:20,3,0,0
BRDA:20,3,1,4
BRDA:21,4,0,1
BRDA:21,4,1,3
BRDA:21,5,0,4
BRDA:21,5,1,3
BRDA:34,6,0,0
BRDA:34,6,1,5
BRDA:35,7,0,1
BRDA:35,7,1,4
BRDA:35,8,0,5
BRDA:35,8,1,4
BRDA:44,9,0,1
BRDA:44,9,1,3
BRDA:44,10,0,4
BRDA:44,10,1,3
BRDA:47,11,0,1
BRDA:47,11,1,2
BRDA:50,12,0,2
BRDA:50,12,1,0
BRF:26
BRH:21
end_of_record
TN:
SF:/Users/qidanta/Documents/webprojects/webpack-eliminate-loader/src/utils/validate.ts
FN:9,(anonymous_0)
FNF:1
FNH:1
FNDA:1,(anonymous_0)
DA:9,1
DA:10,1
DA:11,2
DA:12,1
DA:13,1
DA:14,1
DA:15,0
LF:7
LH:6
BRDA:10,0,0,1
BRDA:10,0,1,0
BRDA:14,1,0,0
BRDA:14,1,1,1
BRF:4
BRH:2
end_of_record
