TN:
SF:/Users/qidanta/Documents/webprojects/webpack-eliminate-loader/src/utils/match.ts
FN:4,(anonymous_0)
FN:20,(anonymous_1)
FN:24,(anonymous_2)
FN:34,(anonymous_3)
FN:38,(anonymous_4)
FN:43,(anonymous_5)
FNF:6
FNH:6
FNDA:6,(anonymous_0)
FNDA:4,(anonymous_1)
FNDA:3,(anonymous_2)
FNDA:4,(anonymous_3)
FNDA:3,(anonymous_4)
FNDA:3,(anonymous_5)
DA:1,1
DA:4,1
DA:5,6
DA:6,0
DA:8,6
DA:9,6
DA:11,0
DA:20,4
DA:21,4
DA:22,1
DA:24,3
DA:25,3
DA:34,4
DA:35,4
DA:36,1
DA:38,3
DA:39,3
DA:43,1
DA:44,3
DA:45,1
DA:47,2
DA:48,1
DA:50,1
DA:51,1
DA:53,0
LF:25
LH:22
BRDA:5,0,0,0
BRDA:5,0,1,6
BRDA:5,1,0,6
BRDA:5,1,1,6
BRDA:9,2,0,6
BRDA:9,2,1,0
BRDA:20,3,0,0
BRDA:20,3,1,4
BRDA:21,4,0,1
BRDA:21,4,1,3
BRDA:21,5,0,4
BRDA:21,5,1,3
BRDA:34,6,0,0
BRDA:34,6,1,4
BRDA:35,7,0,1
BRDA:35,7,1,3
BRDA:35,8,0,4
BRDA:35,8,1,3
BRDA:44,9,0,1
BRDA:44,9,1,2
BRDA:44,10,0,3
BRDA:44,10,1,2
BRDA:47,11,0,1
BRDA:47,11,1,1
BRDA:50,12,0,1
BRDA:50,12,1,0
BRF:26
BRH:21
end_of_record
